2020-08-23 13:57:24,911 - INFO - Setup of experiment rngd_25_exp_wander_l1...
2020-08-23 13:57:24,911 - INFO - Environment setup...
2020-08-23 13:57:24,912 - INFO - Environment setup is successful
2020-08-23 13:57:24,912 - INFO - Agent setup...
2020-08-23 13:57:24,912 - INFO - Setup of agent random_agent with scope rngd_25_exp_wander_l1...
2020-08-23 13:57:24,912 - INFO - Agent setup is successful
2020-08-23 13:57:24,912 - INFO - Tensorflow configuration is successful
2020-08-23 13:57:24,913 - INFO - Matplotlib configuration is successful
2020-08-23 13:57:24,913 - INFO - Experiment setup is successful
2020-08-23 13:57:24,913 - INFO - Experiment rngd_25_exp_wander_l1: training process started
2020-08-23 13:57:24,917 - INFO - Initializing the environment...
2020-08-23 13:57:24,917 - INFO - Environment initialized
2020-08-23 13:57:24,917 - INFO - Initializing the agent..
2020-08-23 13:57:24,917 - INFO - Agent initialized
2020-08-23 13:57:24,917 - INFO - _____________________________________________________________________________________
2020-08-23 13:57:24,917 - INFO - Setup of training volley 0...
2020-08-23 13:57:24,917 - INFO - Setup of training volley 0 completed
2020-08-23 13:57:24,917 - INFO - Training for 100 episodes...
2020-08-23 13:57:25,878 - INFO - Training for 100 episodes finished with following result:
2020-08-23 13:57:25,878 - INFO - Average total reward: 0.052
2020-08-23 13:57:25,879 - INFO - Standard deviation of total reward: 0.05
2020-08-23 13:57:25,879 - INFO - Average scaled reward: 0.001
2020-08-23 13:57:25,879 - INFO - Standard deviation of scaled reward: 0.0
2020-08-23 13:57:25,879 - INFO - Average episode length: 100.0 steps
2020-08-23 13:57:25,879 - INFO - Save training volley 0 episodes plots...
2020-08-23 13:57:26,224 - INFO - Plots of training volley 0 saved successfully
2020-08-23 13:57:26,224 - INFO - Training volley 0 is completed
2020-08-23 13:57:26,224 - INFO - Training steps up to now: 9900
2020-08-23 13:57:26,224 - INFO - _____________________________________________________________________________________
2020-08-23 13:57:26,224 - INFO - ---------------------------------------------------------------------------------------
2020-08-23 13:57:26,224 - INFO - Setup of validation volley 0...
2020-08-23 13:57:26,224 - INFO - Setup of validation volley 0 completed
2020-08-23 13:57:26,224 - INFO - Validating for 100 episodes...
2020-08-23 13:57:27,187 - INFO - Validating for 100 episodes finished with following result:
2020-08-23 13:57:27,187 - INFO - Average total reward: 0.061
2020-08-23 13:57:27,187 - INFO - Standard deviation of total reward: 0.047
2020-08-23 13:57:27,187 - INFO - Average scaled reward: 0.001
2020-08-23 13:57:27,187 - INFO - Standard deviation of scaled reward: 0.0
2020-08-23 13:57:27,188 - INFO - Average episode length: 100.0 steps
2020-08-23 13:57:27,188 - INFO - Save validation volley 0 episodes plots...
2020-08-23 13:57:27,516 - INFO - Plots of validation volley 0 saved successfully
2020-08-23 13:57:27,517 - INFO - Validation volley 0 is completed
2020-08-23 13:57:27,517 - INFO - ---------------------------------------------------------------------------------------
2020-08-23 13:57:27,517 - INFO - End of training
2020-08-23 13:57:27,517 - INFO - Experiment rngd_25_exp_wander_l1: testing process started
2020-08-23 13:57:27,521 - INFO - Initializing the environment...
2020-08-23 13:57:27,521 - INFO - Environment initialized
2020-08-23 13:57:27,521 - INFO - Initializing the agent..
2020-08-23 13:57:27,521 - INFO - Agent initialized
2020-08-23 13:57:27,521 - INFO - Restoring agent graph with checkpoint path: ./experiments/rng_discrete_25_random_2020-08-23/rngd_25_exp_wander_l1/metagraph
2020-08-23 13:57:27,521 - INFO - Agent restored
2020-08-23 13:57:27,521 - INFO - Setup of test volley 0...
2020-08-23 13:57:27,521 - INFO - Testing for 100 episodes...
2020-08-23 13:57:32,286 - INFO - Testing for 100 episodes finished with following result:
2020-08-23 13:57:32,286 - INFO - Average total reward: 0.053
2020-08-23 13:57:32,286 - INFO - Standard deviation of total reward: 0.051
2020-08-23 13:57:32,286 - INFO - Average scaled reward: 0.001
2020-08-23 13:57:32,286 - INFO - Standard deviation of scaled reward: 0.001
2020-08-23 13:57:32,286 - INFO - Average episode length: 100.0 steps
2020-08-23 13:57:32,286 - INFO - Setup of test volley 1...
2020-08-23 13:57:32,287 - INFO - Testing for 100 episodes...
2020-08-23 13:57:37,081 - INFO - Testing for 100 episodes finished with following result:
2020-08-23 13:57:37,082 - INFO - Average total reward: 0.045
2020-08-23 13:57:37,082 - INFO - Standard deviation of total reward: 0.041
2020-08-23 13:57:37,082 - INFO - Average scaled reward: 0.0
2020-08-23 13:57:37,082 - INFO - Standard deviation of scaled reward: 0.0
2020-08-23 13:57:37,082 - INFO - Average episode length: 100.0 steps
2020-08-23 13:57:37,082 - INFO - Setup of test volley 2...
2020-08-23 13:57:37,082 - INFO - Testing for 100 episodes...
2020-08-23 13:57:41,855 - INFO - Testing for 100 episodes finished with following result:
2020-08-23 13:57:41,855 - INFO - Average total reward: 0.054
2020-08-23 13:57:41,855 - INFO - Standard deviation of total reward: 0.047
2020-08-23 13:57:41,855 - INFO - Average scaled reward: 0.001
2020-08-23 13:57:41,855 - INFO - Standard deviation of scaled reward: 0.0
2020-08-23 13:57:41,855 - INFO - Average episode length: 100.0 steps
2020-08-23 13:57:41,855 - INFO - Setup of test volley 3...
2020-08-23 13:57:41,855 - INFO - Testing for 100 episodes...
2020-08-23 13:57:46,635 - INFO - Testing for 100 episodes finished with following result:
2020-08-23 13:57:46,635 - INFO - Average total reward: 0.057
2020-08-23 13:57:46,635 - INFO - Standard deviation of total reward: 0.046
2020-08-23 13:57:46,635 - INFO - Average scaled reward: 0.001
2020-08-23 13:57:46,635 - INFO - Standard deviation of scaled reward: 0.0
2020-08-23 13:57:46,635 - INFO - Average episode length: 100.0 steps
2020-08-23 13:57:46,635 - INFO - Setup of test volley 4...
2020-08-23 13:57:46,635 - INFO - Testing for 100 episodes...
2020-08-23 13:57:51,401 - INFO - Testing for 100 episodes finished with following result:
2020-08-23 13:57:51,402 - INFO - Average total reward: 0.048
2020-08-23 13:57:51,402 - INFO - Standard deviation of total reward: 0.043
2020-08-23 13:57:51,402 - INFO - Average scaled reward: 0.0
2020-08-23 13:57:51,402 - INFO - Standard deviation of scaled reward: 0.0
2020-08-23 13:57:51,402 - INFO - Average episode length: 100.0 steps
2020-08-23 13:57:51,402 - INFO - Setup of test volley 5...
2020-08-23 13:57:51,402 - INFO - Testing for 100 episodes...
2020-08-23 13:57:56,180 - INFO - Testing for 100 episodes finished with following result:
2020-08-23 13:57:56,180 - INFO - Average total reward: 0.053
2020-08-23 13:57:56,180 - INFO - Standard deviation of total reward: 0.045
2020-08-23 13:57:56,180 - INFO - Average scaled reward: 0.001
2020-08-23 13:57:56,180 - INFO - Standard deviation of scaled reward: 0.0
2020-08-23 13:57:56,180 - INFO - Average episode length: 100.0 steps
2020-08-23 13:57:56,180 - INFO - Setup of test volley 6...
2020-08-23 13:57:56,181 - INFO - Testing for 100 episodes...
2020-08-23 13:58:00,990 - INFO - Testing for 100 episodes finished with following result:
2020-08-23 13:58:00,990 - INFO - Average total reward: 0.053
2020-08-23 13:58:00,990 - INFO - Standard deviation of total reward: 0.045
2020-08-23 13:58:00,990 - INFO - Average scaled reward: 0.001
2020-08-23 13:58:00,990 - INFO - Standard deviation of scaled reward: 0.0
2020-08-23 13:58:00,990 - INFO - Average episode length: 100.0 steps
2020-08-23 13:58:00,990 - INFO - Setup of test volley 7...
2020-08-23 13:58:00,990 - INFO - Testing for 100 episodes...
2020-08-23 13:58:05,858 - INFO - Testing for 100 episodes finished with following result:
2020-08-23 13:58:05,858 - INFO - Average total reward: 0.05
2020-08-23 13:58:05,858 - INFO - Standard deviation of total reward: 0.045
2020-08-23 13:58:05,858 - INFO - Average scaled reward: 0.0
2020-08-23 13:58:05,858 - INFO - Standard deviation of scaled reward: 0.0
2020-08-23 13:58:05,858 - INFO - Average episode length: 100.0 steps
2020-08-23 13:58:05,858 - INFO - Setup of test volley 8...
2020-08-23 13:58:05,859 - INFO - Testing for 100 episodes...
2020-08-23 13:58:10,659 - INFO - Testing for 100 episodes finished with following result:
2020-08-23 13:58:10,660 - INFO - Average total reward: 0.055
2020-08-23 13:58:10,660 - INFO - Standard deviation of total reward: 0.051
2020-08-23 13:58:10,660 - INFO - Average scaled reward: 0.001
2020-08-23 13:58:10,660 - INFO - Standard deviation of scaled reward: 0.001
2020-08-23 13:58:10,660 - INFO - Average episode length: 100.0 steps
2020-08-23 13:58:10,660 - INFO - Setup of test volley 9...
2020-08-23 13:58:10,660 - INFO - Testing for 100 episodes...
2020-08-23 13:58:15,427 - INFO - Testing for 100 episodes finished with following result:
2020-08-23 13:58:15,428 - INFO - Average total reward: 0.045
2020-08-23 13:58:15,428 - INFO - Standard deviation of total reward: 0.043
2020-08-23 13:58:15,428 - INFO - Average scaled reward: 0.0
2020-08-23 13:58:15,428 - INFO - Standard deviation of scaled reward: 0.0
2020-08-23 13:58:15,428 - INFO - Average episode length: 100.0 steps
2020-08-23 13:58:15,428 - INFO - End of test
2020-08-23 13:58:15,428 - INFO - Results over 10 test volleys of 100 episodes each are:
2020-08-23 13:58:15,428 - INFO - Average test total reward: 0.051
2020-08-23 13:58:15,428 - INFO - Average test scaled reward: 0.001
2020-08-23 13:58:15,428 - INFO - Max test total reward: 0.057
2020-08-23 13:58:15,428 - INFO - Max test scaled reward: 0.001
2020-08-23 13:58:15,428 - INFO - Average test standard deviation of total reward: 0.046
2020-08-23 13:58:15,428 - INFO - Average test standard deviation of scaled reward: 0.0
2020-08-23 13:58:15,428 - INFO - Min test standard deviation of total reward: 0.041
2020-08-23 13:58:15,428 - INFO - Min test standard deviation of scaled reward: 0.0
2020-08-23 13:58:15,428 - INFO - Average test episode length: 100.0
2020-08-23 13:58:15,428 - INFO - The experiment terminated without meeting the requirements
