2020-08-23 13:56:34,590 - INFO - Setup of experiment rngd_25_exp_baseline_l1...
2020-08-23 13:56:34,591 - INFO - Environment setup...
2020-08-23 13:56:34,591 - INFO - Environment setup is successful
2020-08-23 13:56:34,591 - INFO - Agent setup...
2020-08-23 13:56:34,591 - INFO - Setup of agent random_agent with scope rngd_25_exp_baseline_l1...
2020-08-23 13:56:34,591 - INFO - Agent setup is successful
2020-08-23 13:56:34,591 - INFO - Tensorflow configuration is successful
2020-08-23 13:56:34,592 - INFO - Matplotlib configuration is successful
2020-08-23 13:56:34,592 - INFO - Experiment setup is successful
2020-08-23 13:56:34,592 - INFO - Experiment rngd_25_exp_baseline_l1: training process started
2020-08-23 13:56:34,596 - INFO - Initializing the environment...
2020-08-23 13:56:34,596 - INFO - Environment initialized
2020-08-23 13:56:34,596 - INFO - Initializing the agent..
2020-08-23 13:56:34,596 - INFO - Agent initialized
2020-08-23 13:56:34,597 - INFO - _____________________________________________________________________________________
2020-08-23 13:56:34,597 - INFO - Setup of training volley 0...
2020-08-23 13:56:34,597 - INFO - Setup of training volley 0 completed
2020-08-23 13:56:34,597 - INFO - Training for 100 episodes...
2020-08-23 13:56:35,559 - INFO - Training for 100 episodes finished with following result:
2020-08-23 13:56:35,559 - INFO - Average total reward: 0.058
2020-08-23 13:56:35,559 - INFO - Standard deviation of total reward: 0.05
2020-08-23 13:56:35,559 - INFO - Average scaled reward: 0.001
2020-08-23 13:56:35,559 - INFO - Standard deviation of scaled reward: 0.001
2020-08-23 13:56:35,559 - INFO - Average episode length: 100.0 steps
2020-08-23 13:56:35,559 - INFO - Save training volley 0 episodes plots...
2020-08-23 13:56:35,888 - INFO - Plots of training volley 0 saved successfully
2020-08-23 13:56:35,889 - INFO - Training volley 0 is completed
2020-08-23 13:56:35,889 - INFO - Training steps up to now: 9900
2020-08-23 13:56:35,889 - INFO - _____________________________________________________________________________________
2020-08-23 13:56:35,889 - INFO - ---------------------------------------------------------------------------------------
2020-08-23 13:56:35,889 - INFO - Setup of validation volley 0...
2020-08-23 13:56:35,889 - INFO - Setup of validation volley 0 completed
2020-08-23 13:56:35,889 - INFO - Validating for 100 episodes...
2020-08-23 13:56:36,850 - INFO - Validating for 100 episodes finished with following result:
2020-08-23 13:56:36,850 - INFO - Average total reward: 0.056
2020-08-23 13:56:36,850 - INFO - Standard deviation of total reward: 0.05
2020-08-23 13:56:36,851 - INFO - Average scaled reward: 0.001
2020-08-23 13:56:36,851 - INFO - Standard deviation of scaled reward: 0.001
2020-08-23 13:56:36,851 - INFO - Average episode length: 100.0 steps
2020-08-23 13:56:36,851 - INFO - Save validation volley 0 episodes plots...
2020-08-23 13:56:37,195 - INFO - Plots of validation volley 0 saved successfully
2020-08-23 13:56:37,195 - INFO - Validation volley 0 is completed
2020-08-23 13:56:37,196 - INFO - ---------------------------------------------------------------------------------------
2020-08-23 13:56:37,196 - INFO - End of training
2020-08-23 13:56:37,196 - INFO - Experiment rngd_25_exp_baseline_l1: testing process started
2020-08-23 13:56:37,200 - INFO - Initializing the environment...
2020-08-23 13:56:37,200 - INFO - Environment initialized
2020-08-23 13:56:37,200 - INFO - Initializing the agent..
2020-08-23 13:56:37,200 - INFO - Agent initialized
2020-08-23 13:56:37,200 - INFO - Restoring agent graph with checkpoint path: ./experiments/rng_discrete_25_random_2020-08-23/rngd_25_exp_baseline_l1/metagraph
2020-08-23 13:56:37,200 - INFO - Agent restored
2020-08-23 13:56:37,200 - INFO - Setup of test volley 0...
2020-08-23 13:56:37,200 - INFO - Testing for 100 episodes...
2020-08-23 13:56:41,955 - INFO - Testing for 100 episodes finished with following result:
2020-08-23 13:56:41,955 - INFO - Average total reward: 0.051
2020-08-23 13:56:41,955 - INFO - Standard deviation of total reward: 0.048
2020-08-23 13:56:41,955 - INFO - Average scaled reward: 0.001
2020-08-23 13:56:41,955 - INFO - Standard deviation of scaled reward: 0.0
2020-08-23 13:56:41,955 - INFO - Average episode length: 100.0 steps
2020-08-23 13:56:41,955 - INFO - Setup of test volley 1...
2020-08-23 13:56:41,956 - INFO - Testing for 100 episodes...
2020-08-23 13:56:46,760 - INFO - Testing for 100 episodes finished with following result:
2020-08-23 13:56:46,760 - INFO - Average total reward: 0.044
2020-08-23 13:56:46,760 - INFO - Standard deviation of total reward: 0.045
2020-08-23 13:56:46,760 - INFO - Average scaled reward: 0.0
2020-08-23 13:56:46,760 - INFO - Standard deviation of scaled reward: 0.0
2020-08-23 13:56:46,760 - INFO - Average episode length: 100.0 steps
2020-08-23 13:56:46,760 - INFO - Setup of test volley 2...
2020-08-23 13:56:46,761 - INFO - Testing for 100 episodes...
2020-08-23 13:56:51,519 - INFO - Testing for 100 episodes finished with following result:
2020-08-23 13:56:51,519 - INFO - Average total reward: 0.046
2020-08-23 13:56:51,519 - INFO - Standard deviation of total reward: 0.048
2020-08-23 13:56:51,520 - INFO - Average scaled reward: 0.0
2020-08-23 13:56:51,520 - INFO - Standard deviation of scaled reward: 0.0
2020-08-23 13:56:51,520 - INFO - Average episode length: 100.0 steps
2020-08-23 13:56:51,520 - INFO - Setup of test volley 3...
2020-08-23 13:56:51,520 - INFO - Testing for 100 episodes...
2020-08-23 13:56:56,281 - INFO - Testing for 100 episodes finished with following result:
2020-08-23 13:56:56,281 - INFO - Average total reward: 0.057
2020-08-23 13:56:56,281 - INFO - Standard deviation of total reward: 0.05
2020-08-23 13:56:56,281 - INFO - Average scaled reward: 0.001
2020-08-23 13:56:56,281 - INFO - Standard deviation of scaled reward: 0.0
2020-08-23 13:56:56,281 - INFO - Average episode length: 100.0 steps
2020-08-23 13:56:56,281 - INFO - Setup of test volley 4...
2020-08-23 13:56:56,281 - INFO - Testing for 100 episodes...
2020-08-23 13:57:01,039 - INFO - Testing for 100 episodes finished with following result:
2020-08-23 13:57:01,039 - INFO - Average total reward: 0.054
2020-08-23 13:57:01,039 - INFO - Standard deviation of total reward: 0.051
2020-08-23 13:57:01,039 - INFO - Average scaled reward: 0.001
2020-08-23 13:57:01,039 - INFO - Standard deviation of scaled reward: 0.001
2020-08-23 13:57:01,039 - INFO - Average episode length: 100.0 steps
2020-08-23 13:57:01,039 - INFO - Setup of test volley 5...
2020-08-23 13:57:01,040 - INFO - Testing for 100 episodes...
2020-08-23 13:57:05,807 - INFO - Testing for 100 episodes finished with following result:
2020-08-23 13:57:05,807 - INFO - Average total reward: 0.048
2020-08-23 13:57:05,807 - INFO - Standard deviation of total reward: 0.044
2020-08-23 13:57:05,807 - INFO - Average scaled reward: 0.0
2020-08-23 13:57:05,807 - INFO - Standard deviation of scaled reward: 0.0
2020-08-23 13:57:05,807 - INFO - Average episode length: 100.0 steps
2020-08-23 13:57:05,807 - INFO - Setup of test volley 6...
2020-08-23 13:57:05,807 - INFO - Testing for 100 episodes...
2020-08-23 13:57:10,598 - INFO - Testing for 100 episodes finished with following result:
2020-08-23 13:57:10,598 - INFO - Average total reward: 0.044
2020-08-23 13:57:10,598 - INFO - Standard deviation of total reward: 0.048
2020-08-23 13:57:10,599 - INFO - Average scaled reward: 0.0
2020-08-23 13:57:10,599 - INFO - Standard deviation of scaled reward: 0.0
2020-08-23 13:57:10,599 - INFO - Average episode length: 100.0 steps
2020-08-23 13:57:10,599 - INFO - Setup of test volley 7...
2020-08-23 13:57:10,599 - INFO - Testing for 100 episodes...
2020-08-23 13:57:15,379 - INFO - Testing for 100 episodes finished with following result:
2020-08-23 13:57:15,379 - INFO - Average total reward: 0.054
2020-08-23 13:57:15,379 - INFO - Standard deviation of total reward: 0.048
2020-08-23 13:57:15,379 - INFO - Average scaled reward: 0.001
2020-08-23 13:57:15,379 - INFO - Standard deviation of scaled reward: 0.0
2020-08-23 13:57:15,379 - INFO - Average episode length: 100.0 steps
2020-08-23 13:57:15,379 - INFO - Setup of test volley 8...
2020-08-23 13:57:15,379 - INFO - Testing for 100 episodes...
2020-08-23 13:57:20,140 - INFO - Testing for 100 episodes finished with following result:
2020-08-23 13:57:20,140 - INFO - Average total reward: 0.053
2020-08-23 13:57:20,140 - INFO - Standard deviation of total reward: 0.05
2020-08-23 13:57:20,140 - INFO - Average scaled reward: 0.001
2020-08-23 13:57:20,140 - INFO - Standard deviation of scaled reward: 0.0
2020-08-23 13:57:20,140 - INFO - Average episode length: 100.0 steps
2020-08-23 13:57:20,140 - INFO - Setup of test volley 9...
2020-08-23 13:57:20,140 - INFO - Testing for 100 episodes...
2020-08-23 13:57:24,905 - INFO - Testing for 100 episodes finished with following result:
2020-08-23 13:57:24,905 - INFO - Average total reward: 0.051
2020-08-23 13:57:24,905 - INFO - Standard deviation of total reward: 0.049
2020-08-23 13:57:24,905 - INFO - Average scaled reward: 0.001
2020-08-23 13:57:24,905 - INFO - Standard deviation of scaled reward: 0.0
2020-08-23 13:57:24,905 - INFO - Average episode length: 100.0 steps
2020-08-23 13:57:24,905 - INFO - End of test
2020-08-23 13:57:24,905 - INFO - Results over 10 test volleys of 100 episodes each are:
2020-08-23 13:57:24,905 - INFO - Average test total reward: 0.05
2020-08-23 13:57:24,906 - INFO - Average test scaled reward: 0.001
2020-08-23 13:57:24,906 - INFO - Max test total reward: 0.057
2020-08-23 13:57:24,906 - INFO - Max test scaled reward: 0.001
2020-08-23 13:57:24,906 - INFO - Average test standard deviation of total reward: 0.048
2020-08-23 13:57:24,906 - INFO - Average test standard deviation of scaled reward: 0.0
2020-08-23 13:57:24,906 - INFO - Min test standard deviation of total reward: 0.044
2020-08-23 13:57:24,906 - INFO - Min test standard deviation of scaled reward: 0.0
2020-08-23 13:57:24,906 - INFO - Average test episode length: 100.0
2020-08-23 13:57:24,906 - INFO - The experiment terminated without meeting the requirements
