2020-09-25 10:25:25,253 - INFO - Setup of experiment rngad_10_exp_baseline_l1...
2020-09-25 10:25:25,253 - INFO - Environment setup...
2020-09-25 10:25:25,255 - INFO - Environment setup is successful
2020-09-25 10:25:25,255 - INFO - Agent setup...
2020-09-25 10:25:25,255 - INFO - Setup of agent random_agent with scope rngad_10_exp_baseline_l1...
2020-09-25 10:25:25,255 - INFO - Agent setup is successful
2020-09-25 10:25:25,255 - INFO - Tensorflow configuration is successful
2020-09-25 10:25:25,256 - INFO - Matplotlib configuration is successful
2020-09-25 10:25:25,256 - INFO - Experiment setup is successful
2020-09-25 10:25:25,256 - INFO - Experiment rngad_10_exp_baseline_l1: training process started
2020-09-25 10:25:25,258 - INFO - Initializing the environment...
2020-09-25 10:25:25,258 - INFO - Environment initialized
2020-09-25 10:25:25,258 - INFO - Initializing the agent..
2020-09-25 10:25:25,258 - INFO - Agent initialized
2020-09-25 10:25:25,258 - INFO - _____________________________________________________________________________________
2020-09-25 10:25:25,259 - INFO - Setup of training volley 0...
2020-09-25 10:25:25,259 - INFO - Setup of training volley 0 completed
2020-09-25 10:25:25,259 - INFO - Training for 100 episodes...
2020-09-25 10:25:31,227 - INFO - Training for 100 episodes finished with following result:
2020-09-25 10:25:31,227 - INFO - Average total reward: 0.37
2020-09-25 10:25:31,227 - INFO - Standard deviation of total reward: 0.091
2020-09-25 10:25:31,227 - INFO - Average scaled reward: 0.004
2020-09-25 10:25:31,227 - INFO - Standard deviation of scaled reward: 0.001
2020-09-25 10:25:31,227 - INFO - Average episode length: 100.0 steps
2020-09-25 10:25:31,227 - INFO - Save training volley 0 episodes plots...
2020-09-25 10:25:31,581 - INFO - Plots of training volley 0 saved successfully
2020-09-25 10:25:31,581 - INFO - Training volley 0 is completed
2020-09-25 10:25:31,581 - INFO - Training steps up to now: 9900
2020-09-25 10:25:31,582 - INFO - _____________________________________________________________________________________
2020-09-25 10:25:31,582 - INFO - ---------------------------------------------------------------------------------------
2020-09-25 10:25:31,582 - INFO - Setup of validation volley 0...
2020-09-25 10:25:31,582 - INFO - Setup of validation volley 0 completed
2020-09-25 10:25:31,582 - INFO - Validating for 100 episodes...
2020-09-25 10:25:48,008 - INFO - Validating for 100 episodes finished with following result:
2020-09-25 10:25:48,008 - INFO - Average total reward: 0.365
2020-09-25 10:25:48,008 - INFO - Standard deviation of total reward: 0.101
2020-09-25 10:25:48,008 - INFO - Average scaled reward: 0.004
2020-09-25 10:25:48,008 - INFO - Standard deviation of scaled reward: 0.001
2020-09-25 10:25:48,008 - INFO - Average episode length: 100.0 steps
2020-09-25 10:25:48,008 - INFO - Save validation volley 0 episodes plots...
2020-09-25 10:25:48,362 - INFO - Plots of validation volley 0 saved successfully
2020-09-25 10:25:48,362 - INFO - Validation volley 0 is completed
2020-09-25 10:25:48,362 - INFO - ---------------------------------------------------------------------------------------
2020-09-25 10:25:48,362 - INFO - End of training
2020-09-25 10:25:48,362 - INFO - Experiment rngad_10_exp_baseline_l1: testing process started
2020-09-25 10:25:48,365 - INFO - Initializing the environment...
2020-09-25 10:25:48,365 - INFO - Environment initialized
2020-09-25 10:25:48,365 - INFO - Initializing the agent..
2020-09-25 10:25:48,365 - INFO - Agent initialized
2020-09-25 10:25:48,365 - INFO - Restoring agent graph with checkpoint path: ./experiments/rng_append_discrete_10_random_2020-09-25/rngad_10_exp_baseline_l1/metagraph
2020-09-25 10:25:48,365 - INFO - Agent restored
2020-09-25 10:25:48,365 - INFO - Setup of test volley 0...
2020-09-25 10:25:48,365 - INFO - Testing for 100 episodes...
2020-09-25 10:26:04,456 - INFO - Testing for 100 episodes finished with following result:
2020-09-25 10:26:04,457 - INFO - Average total reward: 0.371
2020-09-25 10:26:04,457 - INFO - Standard deviation of total reward: 0.09
2020-09-25 10:26:04,457 - INFO - Average scaled reward: 0.004
2020-09-25 10:26:04,457 - INFO - Standard deviation of scaled reward: 0.001
2020-09-25 10:26:04,457 - INFO - Average episode length: 100.0 steps
2020-09-25 10:26:04,457 - INFO - Setup of test volley 1...
2020-09-25 10:26:04,457 - INFO - Testing for 100 episodes...
2020-09-25 10:26:20,540 - INFO - Testing for 100 episodes finished with following result:
2020-09-25 10:26:20,540 - INFO - Average total reward: 0.393
2020-09-25 10:26:20,540 - INFO - Standard deviation of total reward: 0.104
2020-09-25 10:26:20,540 - INFO - Average scaled reward: 0.004
2020-09-25 10:26:20,540 - INFO - Standard deviation of scaled reward: 0.001
2020-09-25 10:26:20,540 - INFO - Average episode length: 100.0 steps
2020-09-25 10:26:20,540 - INFO - Setup of test volley 2...
2020-09-25 10:26:20,541 - INFO - Testing for 100 episodes...
2020-09-25 10:26:36,814 - INFO - Testing for 100 episodes finished with following result:
2020-09-25 10:26:36,814 - INFO - Average total reward: 0.388
2020-09-25 10:26:36,814 - INFO - Standard deviation of total reward: 0.09
2020-09-25 10:26:36,814 - INFO - Average scaled reward: 0.004
2020-09-25 10:26:36,814 - INFO - Standard deviation of scaled reward: 0.001
2020-09-25 10:26:36,814 - INFO - Average episode length: 100.0 steps
2020-09-25 10:26:36,814 - INFO - Setup of test volley 3...
2020-09-25 10:26:36,815 - INFO - Testing for 100 episodes...
2020-09-25 10:26:53,489 - INFO - Testing for 100 episodes finished with following result:
2020-09-25 10:26:53,489 - INFO - Average total reward: 0.373
2020-09-25 10:26:53,489 - INFO - Standard deviation of total reward: 0.093
2020-09-25 10:26:53,489 - INFO - Average scaled reward: 0.004
2020-09-25 10:26:53,489 - INFO - Standard deviation of scaled reward: 0.001
2020-09-25 10:26:53,489 - INFO - Average episode length: 100.0 steps
2020-09-25 10:26:53,489 - INFO - Setup of test volley 4...
2020-09-25 10:26:53,490 - INFO - Testing for 100 episodes...
2020-09-25 10:27:10,088 - INFO - Testing for 100 episodes finished with following result:
2020-09-25 10:27:10,088 - INFO - Average total reward: 0.373
2020-09-25 10:27:10,088 - INFO - Standard deviation of total reward: 0.09
2020-09-25 10:27:10,088 - INFO - Average scaled reward: 0.004
2020-09-25 10:27:10,088 - INFO - Standard deviation of scaled reward: 0.001
2020-09-25 10:27:10,088 - INFO - Average episode length: 100.0 steps
2020-09-25 10:27:10,088 - INFO - Setup of test volley 5...
2020-09-25 10:27:10,089 - INFO - Testing for 100 episodes...
2020-09-25 10:27:26,544 - INFO - Testing for 100 episodes finished with following result:
2020-09-25 10:27:26,544 - INFO - Average total reward: 0.357
2020-09-25 10:27:26,544 - INFO - Standard deviation of total reward: 0.094
2020-09-25 10:27:26,544 - INFO - Average scaled reward: 0.004
2020-09-25 10:27:26,544 - INFO - Standard deviation of scaled reward: 0.001
2020-09-25 10:27:26,544 - INFO - Average episode length: 100.0 steps
2020-09-25 10:27:26,544 - INFO - Setup of test volley 6...
2020-09-25 10:27:26,545 - INFO - Testing for 100 episodes...
2020-09-25 10:27:42,848 - INFO - Testing for 100 episodes finished with following result:
2020-09-25 10:27:42,848 - INFO - Average total reward: 0.371
2020-09-25 10:27:42,848 - INFO - Standard deviation of total reward: 0.09
2020-09-25 10:27:42,848 - INFO - Average scaled reward: 0.004
2020-09-25 10:27:42,848 - INFO - Standard deviation of scaled reward: 0.001
2020-09-25 10:27:42,848 - INFO - Average episode length: 100.0 steps
2020-09-25 10:27:42,848 - INFO - Setup of test volley 7...
2020-09-25 10:27:42,848 - INFO - Testing for 100 episodes...
2020-09-25 10:27:59,042 - INFO - Testing for 100 episodes finished with following result:
2020-09-25 10:27:59,042 - INFO - Average total reward: 0.373
2020-09-25 10:27:59,043 - INFO - Standard deviation of total reward: 0.089
2020-09-25 10:27:59,043 - INFO - Average scaled reward: 0.004
2020-09-25 10:27:59,043 - INFO - Standard deviation of scaled reward: 0.001
2020-09-25 10:27:59,043 - INFO - Average episode length: 100.0 steps
2020-09-25 10:27:59,043 - INFO - Setup of test volley 8...
2020-09-25 10:27:59,043 - INFO - Testing for 100 episodes...
2020-09-25 10:28:15,819 - INFO - Testing for 100 episodes finished with following result:
2020-09-25 10:28:15,819 - INFO - Average total reward: 0.376
2020-09-25 10:28:15,819 - INFO - Standard deviation of total reward: 0.109
2020-09-25 10:28:15,819 - INFO - Average scaled reward: 0.004
2020-09-25 10:28:15,819 - INFO - Standard deviation of scaled reward: 0.001
2020-09-25 10:28:15,819 - INFO - Average episode length: 100.0 steps
2020-09-25 10:28:15,819 - INFO - Setup of test volley 9...
2020-09-25 10:28:15,820 - INFO - Testing for 100 episodes...
2020-09-25 10:28:32,111 - INFO - Testing for 100 episodes finished with following result:
2020-09-25 10:28:32,111 - INFO - Average total reward: 0.384
2020-09-25 10:28:32,111 - INFO - Standard deviation of total reward: 0.1
2020-09-25 10:28:32,111 - INFO - Average scaled reward: 0.004
2020-09-25 10:28:32,111 - INFO - Standard deviation of scaled reward: 0.001
2020-09-25 10:28:32,111 - INFO - Average episode length: 100.0 steps
2020-09-25 10:28:32,111 - INFO - End of test
2020-09-25 10:28:32,112 - INFO - Results over 10 test volleys of 100 episodes each are:
2020-09-25 10:28:32,112 - INFO - Average test total reward: 0.376
2020-09-25 10:28:32,112 - INFO - Average test scaled reward: 0.004
2020-09-25 10:28:32,112 - INFO - Max test total reward: 0.393
2020-09-25 10:28:32,112 - INFO - Max test scaled reward: 0.004
2020-09-25 10:28:32,112 - INFO - Average test standard deviation of total reward: 0.095
2020-09-25 10:28:32,112 - INFO - Average test standard deviation of scaled reward: 0.001
2020-09-25 10:28:32,112 - INFO - Min test standard deviation of total reward: 0.089
2020-09-25 10:28:32,112 - INFO - Min test standard deviation of scaled reward: 0.001
2020-09-25 10:28:32,112 - INFO - Average test episode length: 100.0
2020-09-25 10:28:32,112 - INFO - The experiment terminated without meeting the requirements
